<?xml version="1.0" encoding="UTF-8"?>
<!-- Generated by org.testng.reporters.JUnitXMLReporter -->
<testsuite ignored="0" hostname="LAPTOP-SSDS6GEK" failures="0" tests="4" name="Test" time="10.052" errors="0" timestamp="2023-08-13T14:28:45 EDT">
  <testcase classname="TestNG.ScreenshotTest" name="@BeforeMethod TestCase" time="9.709">
    <failure type="org.openqa.selenium.SessionNotCreatedException" message="Could not start a new session. Response code 500. Message: session not created
from no such execution context: loader has changed while resolving nodes
  (Session info: chrome=115.0.5790.171) 
Host info: host: &amp;apos;LAPTOP-SSDS6GEK&amp;apos;, ip: &amp;apos;192.168.68.50&amp;apos;
Build info: version: &amp;apos;4.10.0&amp;apos;, revision: &amp;apos;c14d967899&amp;apos;
System info: os.name: &amp;apos;Windows 10&amp;apos;, os.arch: &amp;apos;amd64&amp;apos;, os.version: &amp;apos;10.0&amp;apos;, java.version: &amp;apos;11.0.20&amp;apos;
Driver info: org.openqa.selenium.chrome.ChromeDriver
Command: [null, newSession {capabilities=[Capabilities {browserName: chrome, goog:chromeOptions: {args: [--remote-allow-origins=*], extensions: []}}]}]">
      <![CDATA[org.openqa.selenium.SessionNotCreatedException: Could not start a new session. Response code 500. Message: session not created
from no such execution context: loader has changed while resolving nodes
  (Session info: chrome=115.0.5790.171) 
Host info: host: 'LAPTOP-SSDS6GEK', ip: '192.168.68.50'
Build info: version: '4.10.0', revision: 'c14d967899'
System info: os.name: 'Windows 10', os.arch: 'amd64', os.version: '10.0', java.version: '11.0.20'
Driver info: org.openqa.selenium.chrome.ChromeDriver
Command: [null, newSession {capabilities=[Capabilities {browserName: chrome, goog:chromeOptions: {args: [--remote-allow-origins=*], extensions: []}}]}]
at org.openqa.selenium.remote.ProtocolHandshake.createSession(ProtocolHandshake.java:140)
at org.openqa.selenium.remote.ProtocolHandshake.createSession(ProtocolHandshake.java:96)
at org.openqa.selenium.remote.ProtocolHandshake.createSession(ProtocolHandshake.java:68)
at org.openqa.selenium.remote.HttpCommandExecutor.execute(HttpCommandExecutor.java:163)
at org.openqa.selenium.remote.service.DriverCommandExecutor.invokeExecute(DriverCommandExecutor.java:196)
at org.openqa.selenium.remote.service.DriverCommandExecutor.execute(DriverCommandExecutor.java:171)
at org.openqa.selenium.remote.RemoteWebDriver.execute(RemoteWebDriver.java:531)
at org.openqa.selenium.remote.RemoteWebDriver.startSession(RemoteWebDriver.java:227)
at org.openqa.selenium.remote.RemoteWebDriver.<init>(RemoteWebDriver.java:154)
at org.openqa.selenium.chromium.ChromiumDriver.<init>(ChromiumDriver.java:107)
at org.openqa.selenium.chrome.ChromeDriver.<init>(ChromeDriver.java:87)
at org.openqa.selenium.chrome.ChromeDriver.<init>(ChromeDriver.java:82)
at org.openqa.selenium.chrome.ChromeDriver.<init>(ChromeDriver.java:50)
at TestNG.ScreenshotTest.TestCase(ScreenshotTest.java:18)
at java.base/java.util.ArrayList.forEach(ArrayList.java:1541)
... Removed 31 stack frames]]>
    </failure>
  </testcase> <!-- @BeforeMethod TestCase -->
  <testcase classname="TestNG.ScreenshotTest" name="@AfterMethod close" time="-1.691951324915E9">
    <skipped/>
  </testcase> <!-- @AfterMethod close -->
  <testcase classname="TestNG.ScreenshotTest" name="@BeforeMethod TestCase" time="-1.691951324922E9">
    <skipped/>
  </testcase> <!-- @BeforeMethod TestCase -->
  <testcase classname="TestNG.ScreenshotTest" name="@AfterMethod close" time="-1.691951324982E9">
    <skipped/>
  </testcase> <!-- @AfterMethod close -->
  <testcase classname="TestNG.ScreenshotTest" name="@BeforeMethod TestCase" time="-1.691951324993E9">
    <skipped/>
  </testcase> <!-- @BeforeMethod TestCase -->
  <testcase classname="TestNG.ScreenshotTest" name="@AfterMethod close" time="-1.691951325049E9">
    <skipped/>
  </testcase> <!-- @AfterMethod close -->
  <testcase classname="TestNG.ScreenshotTest" name="@BeforeMethod TestCase" time="-1.691951325064E9">
    <skipped/>
  </testcase> <!-- @BeforeMethod TestCase -->
  <testcase classname="TestNG.ScreenshotTest" name="@AfterMethod close" time="-1.691951325086E9">
    <skipped/>
  </testcase> <!-- @AfterMethod close -->
  <testcase classname="TestNG.ScreenshotTest" name="TestCase" time="0.0">
    <skipped/>
  </testcase> <!-- TestCase -->
  <testcase classname="TestNG.ScreenshotTest" name="TestCase1" time="0.0">
    <skipped/>
  </testcase> <!-- TestCase1 -->
  <testcase classname="TestNG.ScreenshotTest" name="TestCase2" time="0.0">
    <skipped/>
  </testcase> <!-- TestCase2 -->
  <testcase classname="TestNG.ScreenshotTest" name="TestCase3" time="0.0">
    <skipped/>
  </testcase> <!-- TestCase3 -->
</testsuite> <!-- Test -->
